<?xml version="1.0" encoding="UTF-8"?>
<testsuite xmlns:xsi="http://www.w3.org/2001/XMLSchema-instance" xsi:noNamespaceSchemaLocation="https://maven.apache.org/surefire/maven-surefire-plugin/xsd/surefire-test-report.xsd" name="AngajatiApp.repository.EmployeeMockTest" time="0.062" tests="11" errors="0" skipped="0" failures="0">
  <properties>
    <property name="java.specification.version" value="17"/>
    <property name="sun.cpu.isalist" value="amd64"/>
    <property name="sun.jnu.encoding" value="Cp1252"/>
    <property name="java.class.path" value="D:\Albert\Info Postuniv\Anul 2\Testing\baci0282\target\test-classes;D:\Albert\Info Postuniv\Anul 2\Testing\baci0282\target\classes;C:\Users\Albert Bartais\.m2\repository\org\junit\jupiter\junit-jupiter-engine\5.9.0\junit-jupiter-engine-5.9.0.jar;C:\Users\Albert Bartais\.m2\repository\org\junit\platform\junit-platform-engine\1.9.0\junit-platform-engine-1.9.0.jar;C:\Users\Albert Bartais\.m2\repository\org\apiguardian\apiguardian-api\1.1.2\apiguardian-api-1.1.2.jar;C:\Users\Albert Bartais\.m2\repository\org\junit\jupiter\junit-jupiter-api\5.9.0\junit-jupiter-api-5.9.0.jar;C:\Users\Albert Bartais\.m2\repository\org\opentest4j\opentest4j\1.2.0\opentest4j-1.2.0.jar;C:\Users\Albert Bartais\.m2\repository\org\junit\platform\junit-platform-commons\1.9.0\junit-platform-commons-1.9.0.jar;C:\Users\Albert Bartais\.m2\repository\org\junit\jupiter\junit-jupiter-params\5.9.0\junit-jupiter-params-5.9.0.jar;C:\Users\Albert Bartais\.m2\repository\junit\junit\4.13.2\junit-4.13.2.jar;C:\Users\Albert Bartais\.m2\repository\org\hamcrest\hamcrest-core\1.3\hamcrest-core-1.3.jar;"/>
    <property name="java.vm.vendor" value="Oracle Corporation"/>
    <property name="sun.arch.data.model" value="64"/>
    <property name="user.variant" value=""/>
    <property name="java.vendor.url" value="https://java.oracle.com/"/>
    <property name="user.timezone" value="Europe/Bucharest"/>
    <property name="os.name" value="Windows 10"/>
    <property name="java.vm.specification.version" value="17"/>
    <property name="sun.java.launcher" value="SUN_STANDARD"/>
    <property name="user.country" value="US"/>
    <property name="sun.boot.library.path" value="C:\Users\Albert Bartais\.jdks\openjdk-17.0.2\bin"/>
    <property name="sun.java.command" value="C:\Users\ALBERT~1\AppData\Local\Temp\surefire553993745446536589\surefirebooter12001906304740939503.jar C:\Users\Albert Bartais\AppData\Local\Temp\surefire553993745446536589 2022-11-02T21-24-16_977-jvmRun1 surefire4922291105426261182tmp surefire_014601201383579441397tmp"/>
    <property name="jdk.debug" value="release"/>
    <property name="surefire.test.class.path" value="D:\Albert\Info Postuniv\Anul 2\Testing\baci0282\target\test-classes;D:\Albert\Info Postuniv\Anul 2\Testing\baci0282\target\classes;C:\Users\Albert Bartais\.m2\repository\org\junit\jupiter\junit-jupiter-engine\5.9.0\junit-jupiter-engine-5.9.0.jar;C:\Users\Albert Bartais\.m2\repository\org\junit\platform\junit-platform-engine\1.9.0\junit-platform-engine-1.9.0.jar;C:\Users\Albert Bartais\.m2\repository\org\apiguardian\apiguardian-api\1.1.2\apiguardian-api-1.1.2.jar;C:\Users\Albert Bartais\.m2\repository\org\junit\jupiter\junit-jupiter-api\5.9.0\junit-jupiter-api-5.9.0.jar;C:\Users\Albert Bartais\.m2\repository\org\opentest4j\opentest4j\1.2.0\opentest4j-1.2.0.jar;C:\Users\Albert Bartais\.m2\repository\org\junit\platform\junit-platform-commons\1.9.0\junit-platform-commons-1.9.0.jar;C:\Users\Albert Bartais\.m2\repository\org\junit\jupiter\junit-jupiter-params\5.9.0\junit-jupiter-params-5.9.0.jar;C:\Users\Albert Bartais\.m2\repository\junit\junit\4.13.2\junit-4.13.2.jar;C:\Users\Albert Bartais\.m2\repository\org\hamcrest\hamcrest-core\1.3\hamcrest-core-1.3.jar;"/>
    <property name="sun.cpu.endian" value="little"/>
    <property name="user.home" value="C:\Users\Albert Bartais"/>
    <property name="user.language" value="en"/>
    <property name="java.specification.vendor" value="Oracle Corporation"/>
    <property name="java.version.date" value="2022-01-18"/>
    <property name="java.home" value="C:\Users\Albert Bartais\.jdks\openjdk-17.0.2"/>
    <property name="file.separator" value="\"/>
    <property name="basedir" value="D:\Albert\Info Postuniv\Anul 2\Testing\baci0282"/>
    <property name="java.vm.compressedOopsMode" value="32-bit"/>
    <property name="line.separator" value="&#10;"/>
    <property name="java.vm.specification.vendor" value="Oracle Corporation"/>
    <property name="java.specification.name" value="Java Platform API Specification"/>
    <property name="surefire.real.class.path" value="C:\Users\ALBERT~1\AppData\Local\Temp\surefire553993745446536589\surefirebooter12001906304740939503.jar"/>
    <property name="user.script" value=""/>
    <property name="sun.management.compiler" value="HotSpot 64-Bit Tiered Compilers"/>
    <property name="java.runtime.version" value="17.0.2+8-86"/>
    <property name="user.name" value="Albert Bartais"/>
    <property name="path.separator" value=";"/>
    <property name="os.version" value="10.0"/>
    <property name="java.runtime.name" value="OpenJDK Runtime Environment"/>
    <property name="file.encoding" value="Cp1252"/>
    <property name="java.vm.name" value="OpenJDK 64-Bit Server VM"/>
    <property name="localRepository" value="C:\Users\Albert Bartais\.m2\repository"/>
    <property name="java.vendor.url.bug" value="https://bugreport.java.com/bugreport/"/>
    <property name="java.io.tmpdir" value="C:\Users\ALBERT~1\AppData\Local\Temp\"/>
    <property name="idea.version" value="2022.2.3"/>
    <property name="java.version" value="17.0.2"/>
    <property name="user.dir" value="D:\Albert\Info Postuniv\Anul 2\Testing\baci0282"/>
    <property name="os.arch" value="amd64"/>
    <property name="java.vm.specification.name" value="Java Virtual Machine Specification"/>
    <property name="sun.os.patch.level" value=""/>
    <property name="native.encoding" value="Cp1252"/>
    <property name="java.library.path" value="C:\Users\Albert Bartais\.jdks\openjdk-17.0.2\bin;C:\WINDOWS\Sun\Java\bin;C:\WINDOWS\system32;C:\WINDOWS;C:\WINDOWS\system32;C:\WINDOWS;C:\WINDOWS\System32\Wbem;C:\WINDOWS\System32\WindowsPowerShell\v1.0\;C:\Program Files\PuTTY\;C:\WINDOWS\System32\OpenSSH\;C:\Program Files\nodejs\;C:\Program Files\Microsoft SQL Server\Client SDK\ODBC\170\Tools\Binn\;C:\Program Files (x86)\Microsoft SQL Server\150\Tools\Binn\;C:\Program Files\Microsoft SQL Server\150\Tools\Binn\;C:\Program Files\Microsoft SQL Server\150\DTS\Binn\;C:\Program Files (x86)\Microsoft SQL Server\150\DTS\Binn\;C:\Program Files\Azure Data Studio\bin;C:\Program Files\dotnet\;C:\Program Files\Git\cmd;C:\Users\Albert Bartais\AppData\Local\Microsoft\WindowsApps;C:\Users\Albert Bartais\AppData\Local\atom\bin;C:\Users\Albert Bartais\AppData\Local\Programs\Microsoft VS Code\bin;C:\Users\Albert Bartais\AppData\Roaming\npm;C:\Program Files\Azure Data Studio\bin;C:\Users\Albert Bartais\.dotnet\tools;."/>
    <property name="java.vm.info" value="mixed mode, sharing"/>
    <property name="java.vendor" value="Oracle Corporation"/>
    <property name="java.vm.version" value="17.0.2+8-86"/>
    <property name="sun.io.unicode.encoding" value="UnicodeLittle"/>
    <property name="java.class.version" value="61.0"/>
  </properties>
  <testcase name="finalTC_01" classname="AngajatiApp.repository.EmployeeMockTest" time="0.026"/>
  <testcase name="finalTC_02" classname="AngajatiApp.repository.EmployeeMockTest" time="0"/>
  <testcase name="finalTC_03" classname="AngajatiApp.repository.EmployeeMockTest" time="0.001"/>
  <testcase name="finalTC_04" classname="AngajatiApp.repository.EmployeeMockTest" time="0.001"/>
  <testcase name="finalTC_05" classname="AngajatiApp.repository.EmployeeMockTest" time="0.001"/>
  <testcase name="finalTC_06" classname="AngajatiApp.repository.EmployeeMockTest" time="0.001"/>
  <testcase name="finalTC_07" classname="AngajatiApp.repository.EmployeeMockTest" time="0.001"/>
  <testcase name="modifyEmployeeFunctionIDValid" classname="AngajatiApp.repository.EmployeeMockTest" time="0.002"/>
  <testcase name="modifyEmployeeFunctionLungimeInvalida" classname="AngajatiApp.repository.EmployeeMockTest" time="0.002"/>
  <testcase name="modifyEmployeeFunctionIDInValid" classname="AngajatiApp.repository.EmployeeMockTest" time="0.001"/>
  <testcase name="modifyEmployeeFunctionNullEmployee" classname="AngajatiApp.repository.EmployeeMockTest" time="0.002"/>
</testsuite>